**********
Now starting to execute the command:

    python /home/wangxuming/SegDesign2_test/ProteinMPNN/helper_scripts/parse_multiple_chains.py     --input_path=./ggtdt_example/rfdiffusion_out/filter_results     --output_path=./ggtdt_example/mpnn_out/parsed_pdbs.jsonl 
    
**********
**********
Now starting to execute the command:

    python /home/wangxuming/SegDesign2_test/ProteinMPNN/helper_scripts/assign_fixed_chains.py      --input_path=./ggtdt_example/mpnn_out/parsed_pdbs.jsonl     --output_path=./ggtdt_example/mpnn_out/assigned_pdbs.jsonl     --chain_list A
    
**********
**********
Now starting to execute the command:

    python /home/wangxuming/SegDesign2_test/ProteinMPNN/helper_scripts/make_fixed_positions_dict.py      --input_path=./ggtdt_example/mpnn_out/parsed_pdbs.jsonl     --output_path=./ggtdt_example/mpnn_out/fixed_pdbs.jsonl     --chain_list A     --position_list '8 9 10 11 12 13 14 15 16 17 18 19 20 21 22'     --specify_non_fixed
    
**********
**********
Now starting to execute the command:

    python /home/wangxuming/SegDesign2_test/ProteinMPNN/protein_mpnn_run.py      --jsonl_path ./ggtdt_example/mpnn_out/parsed_pdbs.jsonl     --chain_id_jsonl ./ggtdt_example/mpnn_out/assigned_pdbs.jsonl     --fixed_positions_jsonl ./ggtdt_example/mpnn_out/fixed_pdbs.jsonl     --out_folder ./ggtdt_example/mpnn_out     --num_seq_per_target 20     --sampling_temp 0.2     --seed 42     --batch_size 5 
    
**********
----------------------------------------
pssm_jsonl is NOT loaded
----------------------------------------
omit_AA_jsonl is NOT loaded
----------------------------------------
bias_AA_jsonl is NOT loaded
----------------------------------------
tied_positions_jsonl is NOT loaded
----------------------------------------
bias by residue dictionary is not loaded, or not provided
----------------------------------------
discarded {'bad_chars': 0, 'too_long': 0, 'bad_seq_length': 0}
----------------------------------------
Number of edges: 48
Training noise level: 0.2A
Generating sequences for: ggtdt_af3_A_1
20 sequences of length 386 generated in 4.3874 seconds
Generating sequences for: ggtdt_af3_A_4
20 sequences of length 386 generated in 3.8224 seconds
Generating sequences for: ggtdt_af3_A_6
20 sequences of length 386 generated in 4.0448 seconds
Generating sequences for: ggtdt_af3_A_9
20 sequences of length 386 generated in 3.5944 seconds
Generating sequences for: ggtdt_af3_A_5
20 sequences of length 386 generated in 3.5877 seconds
Generating sequences for: ggtdt_af3_A_7
20 sequences of length 386 generated in 3.8453 seconds
=== MPNN序列处理和报告生成 ===
输入序列文件夹: ./ggtdt_example/mpnn_out/seqs
输出文件夹: ./ggtdt_example/mpnn_out
Top筛选百分比: 50.0%
开始处理FASTA文件...
输入文件夹：./ggtdt_example/mpnn_out/seqs
输出文件夹：./ggtdt_example/mpnn_out
工作目录：./ggtdt_example
找到 6 个FASTA文件
处理文件：ggtdt_af3_A_1.fa
已加载 11 个骨架的数据
backbone info: {'ss8': 'CCTTPPPPPPPPPPP', 'ss3': 'CCCCHHHHHHHHHHH', 'H_prop': 0.7333, 'E_prop': 0.0, 'C_prop': 0.2667, 'backbone': 'ggtdt_example/rfdiffusion_out/fix_pdb/ggtdt_af3_A_1.pdb', 'success_backbone': './ggtdt_example/rfdiffusion_out/filter_results/ggtdt_af3_A_1.pdb', 'Success': 'Yes'}
已生成CSV文件：mpnn_ggtdt_af3_A_1.csv，包含 20 个序列
已生成Top序列CSV文件：top_mpnn_ggtdt_af3_A_1.csv，包含 10 个序列
已生成Top序列FASTA文件：ggtdt_af3_A_1.fa，包含 10 个序列
处理文件：ggtdt_af3_A_4.fa
已加载 11 个骨架的数据
backbone info: {'ss8': 'CCCPPPPPPCPPPCP', 'ss3': 'CCCHHHHHHCHHHCH', 'H_prop': 0.6667, 'E_prop': 0.0, 'C_prop': 0.3333, 'backbone': 'ggtdt_example/rfdiffusion_out/fix_pdb/ggtdt_af3_A_4.pdb', 'success_backbone': './ggtdt_example/rfdiffusion_out/filter_results/ggtdt_af3_A_4.pdb', 'Success': 'Yes'}
已生成CSV文件：mpnn_ggtdt_af3_A_4.csv，包含 20 个序列
已生成Top序列CSV文件：top_mpnn_ggtdt_af3_A_4.csv，包含 10 个序列
已生成Top序列FASTA文件：ggtdt_af3_A_4.fa，包含 10 个序列
处理文件：ggtdt_af3_A_5.fa
已加载 11 个骨架的数据
backbone info: {'ss8': 'CSSCCPPPPCPPPPC', 'ss3': 'CCCCCHHHHCHHHHC', 'H_prop': 0.5333, 'E_prop': 0.0, 'C_prop': 0.4667, 'backbone': 'ggtdt_example/rfdiffusion_out/fix_pdb/ggtdt_af3_A_5.pdb', 'success_backbone': './ggtdt_example/rfdiffusion_out/filter_results/ggtdt_af3_A_5.pdb', 'Success': 'Yes'}
已生成CSV文件：mpnn_ggtdt_af3_A_5.csv，包含 20 个序列
已生成Top序列CSV文件：top_mpnn_ggtdt_af3_A_5.csv，包含 10 个序列
已生成Top序列FASTA文件：ggtdt_af3_A_5.fa，包含 10 个序列
处理文件：ggtdt_af3_A_6.fa
已加载 11 个骨架的数据
backbone info: {'ss8': 'CCCCPPPPPPPPPPC', 'ss3': 'CCCCHHHHHHHHHHC', 'H_prop': 0.6667, 'E_prop': 0.0, 'C_prop': 0.3333, 'backbone': 'ggtdt_example/rfdiffusion_out/fix_pdb/ggtdt_af3_A_6.pdb', 'success_backbone': './ggtdt_example/rfdiffusion_out/filter_results/ggtdt_af3_A_6.pdb', 'Success': 'Yes'}
已生成CSV文件：mpnn_ggtdt_af3_A_6.csv，包含 20 个序列
已生成Top序列CSV文件：top_mpnn_ggtdt_af3_A_6.csv，包含 10 个序列
已生成Top序列FASTA文件：ggtdt_af3_A_6.fa，包含 10 个序列
处理文件：ggtdt_af3_A_7.fa
已加载 11 个骨架的数据
backbone info: {'ss8': 'CCCCPPPPPPPSSPP', 'ss3': 'CCCCHHHHHHHCCHH', 'H_prop': 0.6, 'E_prop': 0.0, 'C_prop': 0.4, 'backbone': 'ggtdt_example/rfdiffusion_out/fix_pdb/ggtdt_af3_A_7.pdb', 'success_backbone': './ggtdt_example/rfdiffusion_out/filter_results/ggtdt_af3_A_7.pdb', 'Success': 'Yes'}
已生成CSV文件：mpnn_ggtdt_af3_A_7.csv，包含 20 个序列
已生成Top序列CSV文件：top_mpnn_ggtdt_af3_A_7.csv，包含 10 个序列
已生成Top序列FASTA文件：ggtdt_af3_A_7.fa，包含 10 个序列
处理文件：ggtdt_af3_A_9.fa
已加载 11 个骨架的数据
backbone info: {'ss8': 'CCTTPPPPPPPSSPP', 'ss3': 'CCCCHHHHHHHCCHH', 'H_prop': 0.6, 'E_prop': 0.0, 'C_prop': 0.4, 'backbone': 'ggtdt_example/rfdiffusion_out/fix_pdb/ggtdt_af3_A_9.pdb', 'success_backbone': './ggtdt_example/rfdiffusion_out/filter_results/ggtdt_af3_A_9.pdb', 'Success': 'Yes'}
已生成CSV文件：mpnn_ggtdt_af3_A_9.csv，包含 20 个序列
已生成Top序列CSV文件：top_mpnn_ggtdt_af3_A_9.csv，包含 10 个序列
已生成Top序列FASTA文件：ggtdt_af3_A_9.fa，包含 10 个序列
Top序列CSV文件已保存到文件夹：./ggtdt_example/mpnn_out/top_50.0%
Top序列FASTA文件已保存到文件夹：./ggtdt_example/mpnn_out/top_filter
成功处理 6 个CSV文件
成功生成 6 个Top序列CSV文件
成功生成 6 个Top序列FASTA文件
生成最终的MPNN报告（包含所有序列）...
Executing dssp
parse error at line 1: This file does not seem to be an mmCIF file

 dssp completed successfully!
已添加原始蛋白信息到报告开头
最终MPNN报告已生成：./ggtdt_example/mpnn_report.csv
包含 121 条记录

[SUCCESS] 完整MPNN报告生成完成！
[OUTPUT] 主要输出文件:
   - 原始序列CSV: ./ggtdt_example/mpnn_out/seqs_csv/
   - Top序列CSV: ./ggtdt_example/mpnn_out/top_50.0%/
   - Top序列FASTA: ./ggtdt_example/mpnn_out/top_filter/
   - 最终报告: ./ggtdt_example/mpnn_report.csv
